{
  "RSpec": {
    "coverage": {
      "/Users/armandoalejandre/Documents/personal_projects/etl_processor/spec/etl_app/config/environment.rb": [
        null,
        1,
        null,
        null,
        1
      ],
      "/Users/armandoalejandre/Documents/personal_projects/etl_processor/spec/etl_app/config/application.rb": [
        1,
        null,
        1,
        null,
        1,
        1,
        1,
        1,
        1,
        1,
        1,
        1,
        1,
        null,
        null,
        1,
        1,
        null,
        1,
        1,
        null,
        1,
        null,
        null,
        null,
        null,
        null,
        null,
        null,
        null
      ],
      "/Users/armandoalejandre/Documents/personal_projects/etl_processor/spec/etl_app/config/boot.rb": [
        null,
        1,
        null,
        1,
        1
      ],
      "/Users/armandoalejandre/Documents/personal_projects/etl_processor/lib/etl_processor.rb": [
        1,
        1,
        1
      ],
      "/Users/armandoalejandre/Documents/personal_projects/etl_processor/lib/etl_processor/railtie.rb": [
        1,
        1,
        null,
        null
      ],
      "/Users/armandoalejandre/Documents/personal_projects/etl_processor/lib/etl_processor/csv.rb": [
        1,
        1,
        1,
        1,
        null,
        1,
        1,
        1,
        null,
        1,
        0,
        null,
        null,
        null,
        null,
        null,
        null,
        null
      ],
      "/Users/armandoalejandre/Documents/personal_projects/etl_processor/lib/etl_processor/csv/csv_source.rb": [
        1,
        null,
        1,
        1,
        null,
        1,
        8,
        null,
        null,
        1,
        42,
        null,
        null
      ],
      "/Users/armandoalejandre/Documents/personal_projects/etl_processor/lib/etl_processor/csv/extract_data.rb": [
        1,
        1,
        1,
        null,
        1,
        0,
        0,
        0,
        null,
        null
      ],
      "/Users/armandoalejandre/Documents/personal_projects/etl_processor/lib/etl_processor/csv/transform_data.rb": [
        1,
        1,
        1,
        1,
        null,
        1,
        0,
        0,
        0,
        null,
        null,
        null
      ],
      "/Users/armandoalejandre/Documents/personal_projects/etl_processor/lib/etl_processor/csv/load_data.rb": [
        1,
        1,
        1,
        null,
        1,
        0,
        0,
        null,
        0,
        0,
        0,
        null,
        null,
        null,
        0,
        null,
        null,
        null
      ],
      "/Users/armandoalejandre/Documents/personal_projects/etl_processor/spec/etl_app/config/environments/test.rb": [
        1,
        null,
        null,
        null,
        null,
        null,
        null,
        1,
        null,
        null,
        null,
        null,
        1,
        null,
        null,
        1,
        1,
        null,
        null,
        null,
        null,
        1,
        1,
        null,
        null,
        1,
        null,
        null,
        1,
        null,
        null,
        1,
        null,
        1,
        null,
        null,
        null,
        null,
        1,
        null,
        null,
        1,
        null,
        null,
        null,
        null
      ],
      "/Users/armandoalejandre/Documents/personal_projects/etl_processor/spec/etl_app/config/initializers/application_controller_renderer.rb": [
        null,
        null,
        null,
        null,
        null,
        null,
        null,
        null
      ],
      "/Users/armandoalejandre/Documents/personal_projects/etl_processor/spec/etl_app/config/initializers/assets.rb": [
        null,
        null,
        null,
        1,
        null,
        null,
        null,
        null,
        1,
        null,
        null,
        null,
        null,
        null
      ],
      "/Users/armandoalejandre/Documents/personal_projects/etl_processor/spec/etl_app/config/initializers/backtrace_silencers.rb": [
        null,
        null,
        null,
        null,
        null,
        null,
        null
      ],
      "/Users/armandoalejandre/Documents/personal_projects/etl_processor/spec/etl_app/config/initializers/content_security_policy.rb": [
        null,
        null,
        null,
        null,
        null,
        null,
        null,
        null,
        null,
        null,
        null,
        null,
        null,
        null,
        null,
        null,
        null,
        null,
        null,
        null,
        null,
        null,
        null,
        null,
        null
      ],
      "/Users/armandoalejandre/Documents/personal_projects/etl_processor/spec/etl_app/config/initializers/cookies_serializer.rb": [
        null,
        null,
        null,
        null,
        1
      ],
      "/Users/armandoalejandre/Documents/personal_projects/etl_processor/spec/etl_app/config/initializers/filter_parameter_logging.rb": [
        null,
        null,
        null,
        1
      ],
      "/Users/armandoalejandre/Documents/personal_projects/etl_processor/spec/etl_app/config/initializers/inflections.rb": [
        null,
        null,
        null,
        null,
        null,
        null,
        null,
        null,
        null,
        null,
        null,
        null,
        null,
        null,
        null,
        null
      ],
      "/Users/armandoalejandre/Documents/personal_projects/etl_processor/spec/etl_app/config/initializers/mime_types.rb": [
        null,
        null,
        null,
        null
      ],
      "/Users/armandoalejandre/Documents/personal_projects/etl_processor/spec/etl_app/config/initializers/wrap_parameters.rb": [
        null,
        null,
        null,
        null,
        null,
        null,
        1,
        1,
        null,
        null,
        null,
        null,
        null,
        null
      ],
      "/Users/armandoalejandre/Documents/personal_projects/etl_processor/spec/etl_app/config/routes.rb": [
        1,
        1,
        1,
        1,
        null,
        null
      ],
      "/Users/armandoalejandre/Documents/personal_projects/etl_processor/spec/etl_app/app/helpers/application_helper.rb": [
        1,
        null
      ],
      "/Users/armandoalejandre/Documents/personal_projects/etl_processor/spec/etl_app/app/helpers/units_helper.rb": [
        1,
        null
      ],
      "/Users/armandoalejandre/Documents/personal_projects/etl_processor/spec/etl_app/app/controllers/units_controller.rb": [
        1,
        1,
        null,
        1,
        0,
        null,
        0,
        0,
        null,
        0,
        null,
        null,
        null,
        1,
        0,
        null,
        0,
        null,
        null,
        null,
        1,
        2,
        null,
        null,
        null,
        1,
        null,
        null,
        null,
        1,
        2,
        null,
        null,
        null,
        1,
        null,
        null,
        null,
        1,
        0,
        null,
        0,
        0,
        null,
        0,
        null,
        null,
        null,
        null,
        1,
        0,
        0,
        null,
        0,
        null,
        null,
        null,
        null,
        1,
        0,
        0,
        null,
        null,
        1,
        null,
        1,
        0,
        null,
        null,
        null,
        1,
        0,
        null,
        null
      ],
      "/Users/armandoalejandre/Documents/personal_projects/etl_processor/spec/etl_app/app/controllers/application_controller.rb": [
        1,
        null
      ],
      "/Users/armandoalejandre/Documents/personal_projects/etl_processor/spec/etl_app/spec/controllers/units_controller_spec.rb": [
        1,
        null,
        null,
        null,
        null,
        null,
        null,
        null,
        null,
        null,
        null,
        null,
        null,
        null,
        null,
        null,
        null,
        null,
        null,
        null,
        null,
        null,
        null,
        null,
        null,
        1,
        null,
        null,
        null,
        null,
        1,
        10,
        null,
        null,
        1,
        1,
        null,
        null,
        null,
        null,
        null,
        2,
        null,
        1,
        1,
        1,
        0,
        0,
        null,
        null,
        null,
        1,
        1,
        1,
        0,
        0,
        null,
        null,
        null,
        1,
        1,
        1,
        1,
        null,
        null,
        null,
        1,
        1,
        1,
        0,
        0,
        null,
        null,
        null,
        1,
        1,
        1,
        1,
        1,
        null,
        null,
        null,
        1,
        1,
        0,
        null,
        null,
        null,
        1,
        1,
        1,
        0,
        null,
        null,
        null,
        null,
        1,
        1,
        1,
        0,
        null,
        null,
        1,
        1,
        0,
        0,
        0,
        null,
        null,
        1,
        1,
        0,
        0,
        null,
        null,
        null,
        1,
        1,
        1,
        0,
        0,
        null,
        null,
        null,
        null,
        1,
        1,
        1,
        0,
        0,
        null,
        null,
        null,
        1,
        1,
        0,
        0,
        null,
        null,
        null,
        null
      ],
      "/Users/armandoalejandre/Documents/personal_projects/etl_processor/spec/etl_app/spec/etl_processor/csv/csv_source_spec.rb": [
        1,
        null,
        1,
        4,
        null,
        null,
        1,
        2,
        2,
        2,
        1,
        1,
        20,
        null,
        null,
        null,
        null
      ],
      "/Users/armandoalejandre/Documents/personal_projects/etl_processor/spec/etl_app/spec/etl_processor/csv/extract_data_spec.rb": [
        1,
        2,
        2,
        2,
        null
      ],
      "/Users/armandoalejandre/Documents/personal_projects/etl_processor/spec/etl_app/spec/etl_processor/csv/load_data_spec.rb": [
        1,
        2,
        2,
        2,
        null
      ],
      "/Users/armandoalejandre/Documents/personal_projects/etl_processor/spec/etl_app/spec/etl_processor/csv/transform_data_spec.rb": [
        1,
        3,
        3,
        2,
        2,
        null
      ],
      "/Users/armandoalejandre/Documents/personal_projects/etl_processor/spec/etl_app/spec/etl_processor/csv_spec.rb": [
        1,
        1,
        null
      ],
      "/Users/armandoalejandre/Documents/personal_projects/etl_processor/spec/etl_app/spec/etl_processor_spec.rb": [
        1,
        null,
        1,
        1,
        1,
        null,
        null
      ],
      "/Users/armandoalejandre/Documents/personal_projects/etl_processor/spec/etl_app/spec/helpers/units_helper_spec.rb": [
        1,
        null,
        null,
        null,
        null,
        null,
        null,
        null,
        null,
        null,
        null,
        null,
        1,
        1,
        null
      ],
      "/Users/armandoalejandre/Documents/personal_projects/etl_processor/spec/etl_app/spec/models/unit_spec.rb": [
        1,
        null,
        1,
        1,
        null
      ],
      "/Users/armandoalejandre/Documents/personal_projects/etl_processor/spec/etl_app/app/models/unit.rb": [
        1,
        null
      ],
      "/Users/armandoalejandre/Documents/personal_projects/etl_processor/spec/etl_app/app/models/application_record.rb": [
        1,
        1,
        null
      ],
      "/Users/armandoalejandre/Documents/personal_projects/etl_processor/spec/etl_app/spec/requests/units_spec.rb": [
        1,
        null,
        1,
        1,
        1,
        1,
        1,
        null,
        null,
        null
      ],
      "/Users/armandoalejandre/Documents/personal_projects/etl_processor/spec/etl_app/spec/routing/units_routing_spec.rb": [
        1,
        null,
        1,
        1,
        1,
        1,
        null,
        null,
        1,
        1,
        null,
        null,
        1,
        1,
        null,
        null,
        1,
        1,
        null,
        null,
        null,
        1,
        1,
        null,
        null,
        1,
        1,
        null,
        null,
        1,
        1,
        null,
        null,
        1,
        1,
        null,
        null,
        null
      ],
      "/Users/armandoalejandre/Documents/personal_projects/etl_processor/spec/etl_app/spec/views/units/edit.html.erb_spec.rb": [
        1,
        null,
        1,
        1,
        1,
        null,
        null,
        null,
        null,
        null,
        null,
        null,
        null,
        null,
        null,
        null,
        null,
        null,
        null,
        null,
        null,
        null,
        null,
        null,
        null,
        null,
        null,
        null,
        null,
        null,
        null,
        null,
        null,
        null,
        null,
        null,
        null,
        null,
        1,
        1,
        null,
        1,
        null,
        1,
        null,
        1,
        null,
        1,
        null,
        1,
        null,
        1,
        null,
        1,
        null,
        1,
        null,
        1,
        null,
        1,
        null,
        1,
        null,
        1,
        null,
        1,
        null,
        1,
        null,
        1,
        null,
        1,
        null,
        1,
        null,
        1,
        null,
        1,
        null,
        1,
        null,
        1,
        null,
        1,
        null,
        1,
        null,
        1,
        null,
        1,
        null,
        1,
        null,
        1,
        null,
        1,
        null,
        1,
        null,
        1,
        null,
        1,
        null,
        null,
        null
      ],
      "/Users/armandoalejandre/Documents/personal_projects/etl_processor/spec/etl_app/spec/views/units/index.html.erb_spec.rb": [
        1,
        null,
        1,
        1,
        1,
        null,
        null,
        null,
        null,
        null,
        null,
        null,
        null,
        null,
        null,
        null,
        null,
        null,
        null,
        null,
        null,
        null,
        null,
        null,
        null,
        null,
        null,
        null,
        null,
        null,
        null,
        null,
        null,
        null,
        null,
        null,
        null,
        null,
        null,
        null,
        null,
        null,
        null,
        null,
        null,
        null,
        null,
        null,
        null,
        null,
        null,
        null,
        null,
        null,
        null,
        null,
        null,
        null,
        null,
        null,
        null,
        null,
        null,
        null,
        null,
        null,
        null,
        null,
        null,
        null,
        null,
        null,
        1,
        1,
        1,
        1,
        1,
        1,
        1,
        1,
        1,
        1,
        1,
        1,
        1,
        1,
        1,
        1,
        1,
        1,
        1,
        1,
        1,
        1,
        1,
        1,
        1,
        1,
        1,
        1,
        1,
        1,
        1,
        1,
        null,
        null
      ],
      "/Users/armandoalejandre/Documents/personal_projects/etl_processor/spec/etl_app/spec/views/units/new.html.erb_spec.rb": [
        1,
        null,
        1,
        1,
        1,
        null,
        null,
        null,
        null,
        null,
        null,
        null,
        null,
        null,
        null,
        null,
        null,
        null,
        null,
        null,
        null,
        null,
        null,
        null,
        null,
        null,
        null,
        null,
        null,
        null,
        null,
        null,
        null,
        null,
        null,
        null,
        null,
        null,
        1,
        1,
        null,
        1,
        null,
        1,
        null,
        1,
        null,
        1,
        null,
        1,
        null,
        1,
        null,
        1,
        null,
        1,
        null,
        1,
        null,
        1,
        null,
        1,
        null,
        1,
        null,
        1,
        null,
        1,
        null,
        1,
        null,
        1,
        null,
        1,
        null,
        1,
        null,
        1,
        null,
        1,
        null,
        1,
        null,
        1,
        null,
        1,
        null,
        1,
        null,
        1,
        null,
        1,
        null,
        1,
        null,
        1,
        null,
        1,
        null,
        1,
        null,
        1,
        null,
        null,
        null
      ],
      "/Users/armandoalejandre/Documents/personal_projects/etl_processor/spec/etl_app/spec/views/units/show.html.erb_spec.rb": [
        1,
        null,
        1,
        1,
        1,
        null,
        null,
        null,
        null,
        null,
        null,
        null,
        null,
        null,
        null,
        null,
        null,
        null,
        null,
        null,
        null,
        null,
        null,
        null,
        null,
        null,
        null,
        null,
        null,
        null,
        null,
        null,
        null,
        null,
        null,
        null,
        null,
        null,
        1,
        1,
        1,
        1,
        1,
        1,
        1,
        1,
        1,
        1,
        1,
        1,
        1,
        1,
        1,
        1,
        1,
        1,
        1,
        1,
        1,
        1,
        1,
        1,
        1,
        1,
        1,
        1,
        1,
        1,
        1,
        1,
        null,
        null
      ],
      "/Users/armandoalejandre/Documents/personal_projects/etl_processor/spec/etl_processor/csv/csv_source_spec.rb": [
        1,
        null,
        1,
        4,
        null,
        null,
        1,
        2,
        2,
        2,
        1,
        1,
        20,
        null,
        null,
        null,
        null
      ],
      "/Users/armandoalejandre/Documents/personal_projects/etl_processor/spec/etl_processor/csv/extract_data_spec.rb": [
        1,
        2,
        2,
        2,
        null
      ],
      "/Users/armandoalejandre/Documents/personal_projects/etl_processor/spec/etl_processor/csv/load_data_spec.rb": [
        1,
        2,
        2,
        2,
        null
      ],
      "/Users/armandoalejandre/Documents/personal_projects/etl_processor/spec/etl_processor/csv/transform_data_spec.rb": [
        1,
        3,
        3,
        2,
        2,
        null
      ],
      "/Users/armandoalejandre/Documents/personal_projects/etl_processor/spec/etl_processor/csv_spec.rb": [
        1,
        1,
        null
      ],
      "/Users/armandoalejandre/Documents/personal_projects/etl_processor/spec/etl_processor_spec.rb": [
        1,
        null,
        1,
        1,
        1,
        null,
        null
      ],
      "/Users/armandoalejandre/Documents/personal_projects/etl_processor/spec/helpers/units_helper_spec.rb": [
        1,
        null,
        null,
        null,
        null,
        null,
        null,
        null,
        null,
        null,
        null,
        null,
        1,
        1,
        null
      ],
      "/Users/armandoalejandre/Documents/personal_projects/etl_processor/spec/models/unit_spec.rb": [
        1,
        null,
        1,
        1,
        null
      ],
      "/Users/armandoalejandre/Documents/personal_projects/etl_processor/spec/requests/units_spec.rb": [
        1,
        null,
        1,
        1,
        1,
        1,
        1,
        null,
        null,
        null
      ],
      "/Users/armandoalejandre/Documents/personal_projects/etl_processor/spec/routing/units_routing_spec.rb": [
        1,
        null,
        1,
        1,
        1,
        1,
        null,
        null,
        1,
        1,
        null,
        null,
        1,
        1,
        null,
        null,
        1,
        1,
        null,
        null,
        null,
        1,
        1,
        null,
        null,
        1,
        1,
        null,
        null,
        1,
        1,
        null,
        null,
        1,
        1,
        null,
        null,
        null
      ],
      "/Users/armandoalejandre/Documents/personal_projects/etl_processor/spec/views/units/edit.html.erb_spec.rb": [
        1,
        null,
        1,
        1,
        1,
        null,
        null,
        null,
        null,
        null,
        null,
        null,
        null,
        null,
        null,
        null,
        null,
        null,
        null,
        null,
        null,
        null,
        null,
        null,
        null,
        null,
        null,
        null,
        null,
        null,
        null,
        null,
        null,
        null,
        null,
        null,
        null,
        null,
        1,
        1,
        null,
        1,
        null,
        1,
        null,
        1,
        null,
        1,
        null,
        1,
        null,
        1,
        null,
        1,
        null,
        1,
        null,
        1,
        null,
        1,
        null,
        1,
        null,
        1,
        null,
        1,
        null,
        1,
        null,
        1,
        null,
        1,
        null,
        1,
        null,
        1,
        null,
        1,
        null,
        1,
        null,
        1,
        null,
        1,
        null,
        1,
        null,
        1,
        null,
        1,
        null,
        1,
        null,
        1,
        null,
        1,
        null,
        1,
        null,
        1,
        null,
        1,
        null,
        null,
        null
      ],
      "/Users/armandoalejandre/Documents/personal_projects/etl_processor/spec/views/units/index.html.erb_spec.rb": [
        1,
        null,
        1,
        1,
        1,
        null,
        null,
        null,
        null,
        null,
        null,
        null,
        null,
        null,
        null,
        null,
        null,
        null,
        null,
        null,
        null,
        null,
        null,
        null,
        null,
        null,
        null,
        null,
        null,
        null,
        null,
        null,
        null,
        null,
        null,
        null,
        null,
        null,
        null,
        null,
        null,
        null,
        null,
        null,
        null,
        null,
        null,
        null,
        null,
        null,
        null,
        null,
        null,
        null,
        null,
        null,
        null,
        null,
        null,
        null,
        null,
        null,
        null,
        null,
        null,
        null,
        null,
        null,
        null,
        null,
        null,
        null,
        1,
        1,
        1,
        1,
        1,
        1,
        1,
        1,
        1,
        1,
        1,
        1,
        1,
        1,
        1,
        1,
        1,
        1,
        1,
        1,
        1,
        1,
        1,
        1,
        1,
        1,
        1,
        1,
        1,
        1,
        1,
        1,
        null,
        null
      ],
      "/Users/armandoalejandre/Documents/personal_projects/etl_processor/spec/views/units/new.html.erb_spec.rb": [
        1,
        null,
        1,
        1,
        1,
        null,
        null,
        null,
        null,
        null,
        null,
        null,
        null,
        null,
        null,
        null,
        null,
        null,
        null,
        null,
        null,
        null,
        null,
        null,
        null,
        null,
        null,
        null,
        null,
        null,
        null,
        null,
        null,
        null,
        null,
        null,
        null,
        null,
        1,
        1,
        null,
        1,
        null,
        1,
        null,
        1,
        null,
        1,
        null,
        1,
        null,
        1,
        null,
        1,
        null,
        1,
        null,
        1,
        null,
        1,
        null,
        1,
        null,
        1,
        null,
        1,
        null,
        1,
        null,
        1,
        null,
        1,
        null,
        1,
        null,
        1,
        null,
        1,
        null,
        1,
        null,
        1,
        null,
        1,
        null,
        1,
        null,
        1,
        null,
        1,
        null,
        1,
        null,
        1,
        null,
        1,
        null,
        1,
        null,
        1,
        null,
        1,
        null,
        null,
        null
      ],
      "/Users/armandoalejandre/Documents/personal_projects/etl_processor/spec/views/units/show.html.erb_spec.rb": [
        1,
        null,
        1,
        1,
        1,
        null,
        null,
        null,
        null,
        null,
        null,
        null,
        null,
        null,
        null,
        null,
        null,
        null,
        null,
        null,
        null,
        null,
        null,
        null,
        null,
        null,
        null,
        null,
        null,
        null,
        null,
        null,
        null,
        null,
        null,
        null,
        null,
        null,
        1,
        1,
        1,
        1,
        1,
        1,
        1,
        1,
        1,
        1,
        1,
        1,
        1,
        1,
        1,
        1,
        1,
        1,
        1,
        1,
        1,
        1,
        1,
        1,
        1,
        1,
        1,
        1,
        1,
        1,
        1,
        1,
        null,
        null
      ]
    },
    "timestamp": 1563485140
  }
}
